{"level":"error","ts":1706703122.348674,"caller":"online-purchase/main.go:17","msg":"err"}
{"level":"error","ts":1706764040.4250562,"caller":"online-purchase/main.go:17","msg":"err"}
{"level":"error","ts":1706764070.7122073,"caller":"online-purchase/main.go:18","msg":"err"}
{"level":"error","ts":1706764103.4113986,"caller":"online-purchase/main.go:18","msg":"err"}
{"level":"error","ts":1706765396.1454678,"caller":"online-purchase/main.go:18","msg":"err"}
{"level":"error","ts":1706765466.8496377,"caller":"online-purchase/main.go:18","msg":"err"}
{"level":"error","ts":1706765831.413847,"caller":"online-purchase/main.go:18","msg":"err"}
{"level":"error","ts":1706765863.654693,"caller":"online-purchase/main.go:18","msg":"err"}
{"level":"error","ts":1706765926.7288468,"caller":"online-purchase/main.go:18","msg":"err"}
{"level":"error","ts":1706766094.4455,"caller":"online-purchase/main.go:18","msg":"err"}
{"level":"error","ts":1706766540.6663811,"caller":"online-purchase/main.go:18","msg":"err"}
{"level":"error","ts":1706766828.7858527,"caller":"online-purchase/main.go:18","msg":"err"}
{"level":"error","ts":1706766970.7419271,"caller":"online-purchase/main.go:18","msg":"err"}
{"level":"error","ts":1706767033.0225334,"caller":"online-purchase/main.go:18","msg":"err"}
{"level":"error","ts":1706767094.4316967,"caller":"online-purchase/main.go:18","msg":"err"}
{"level":"error","ts":1706767108.7873762,"caller":"online-purchase/main.go:18","msg":"err"}
{"level":"error","ts":1706767238.677731,"caller":"online-purchase/main.go:18","msg":"err"}
{"level":"error","ts":1706767388.5354936,"caller":"online-purchase/main.go:18","msg":"err"}
{"level":"error","ts":1706780416.8628614,"caller":"handler/account.go:61","msg":"EOF"}
{"level":"error","ts":1706780492.9564903,"caller":"handler/account.go:23","msg":"EOF"}
{"level":"error","ts":1706781351.729983,"caller":"handler/account.go:37","msg":"Key: 'Users.UserName' Error:Field validation for 'UserName' failed on the 'required' tag"}
{"level":"error","ts":1706781449.2948747,"caller":"handler/account.go:38","msg":"Key: 'Users.UserName' Error:Field validation for 'UserName' failed on the 'required' tag"}
{"level":"error","ts":1706781462.295069,"caller":"handler/account.go:44","msg":"user name already exist"}
{"level":"error","ts":1706781472.991399,"caller":"handler/account.go:44","msg":"email id already exist"}
{"level":"error","ts":1706781560.9252367,"caller":"handler/account.go:33","msg":"Key: 'Users.Password' Error:Field validation for 'Password' failed on the 'required' tag"}
{"level":"error","ts":1706781567.3634524,"caller":"handler/account.go:45","msg":"user name already exist"}
{"level":"error","ts":1706781578.7252066,"caller":"handler/account.go:51","msg":"ERROR: insert or update on table \"users\" violates foreign key constraint \"fk_users_roles\" (SQLSTATE 23503)"}
{"level":"error","ts":1706781596.850785,"caller":"handler/account.go:85","msg":"Invalid password"}
{"level":"error","ts":1706781611.3288743,"caller":"handler/account.go:72","msg":"Key: 'Login.Password' Error:Field validation for 'Password' failed on the 'required' tag"}
