{"level":"error","caller":"/home/mitrah196/Desktop/Exercise/GoExercies/rough/To-Do/main.go:6","time":"2024-02-14T20:01:12+05:30","message":"heheh"}
{"level":"error","caller":"/home/mitrah196/Desktop/Exercise/GoExercies/RTE/to-do/handler/account.go:20","time":"2024-02-15T11:39:41+05:30","message":"code=400, message=Request body can't be empty"}
{"level":"error","caller":"/home/mitrah196/Desktop/Exercise/GoExercies/RTE/to-do/handler/account.go:20","time":"2024-02-15T11:45:56+05:30","message":"validator not registered"}
{"level":"error","caller":"/home/mitrah196/Desktop/Exercise/GoExercies/RTE/to-do/handler/account.go:22","time":"2024-02-15T11:47:47+05:30","message":"code=400, message=Request body can't be empty"}
{"level":"error","caller":"/home/mitrah196/Desktop/Exercise/GoExercies/RTE/to-do/handler/account.go:39","time":"2024-02-15T11:47:54+05:30","message":"Key: 'Users.UserName' Error:Field validation for 'UserName' failed on the 'required' tag\nKey: 'Users.Email' Error:Field validation for 'Email' failed on the 'email' tag"}
{"level":"error","caller":"/home/mitrah196/Desktop/Exercise/GoExercies/RTE/to-do/handler/account.go:22","time":"2024-02-15T11:48:44+05:30","message":"code=400, message=Syntax error: offset=26, error=invalid character '}' looking for beginning of object key string"}
{"level":"error","caller":"/home/mitrah196/Desktop/Exercise/GoExercies/RTE/to-do/handler/account.go:39","time":"2024-02-15T11:48:50+05:30","message":"Key: 'Users.UserName' Error:Field validation for 'UserName' failed on the 'required' tag\nKey: 'Users.Email' Error:Field validation for 'Email' failed on the 'email' tag"}
{"level":"error","caller":"/home/mitrah196/Desktop/Exercise/GoExercies/RTE/to-do/handler/account.go:39","time":"2024-02-15T11:49:21+05:30","message":"Key: 'Users.UserName' Error:Field validation for 'UserName' failed on the 'required' tag"}
{"level":"error","caller":"/home/mitrah196/Desktop/Exercise/GoExercies/RTE/to-do/handler/account.go:28","time":"2024-02-15T11:51:24+05:30","message":"password can't be empty"}
{"level":"error","caller":"/home/mitrah196/Desktop/Exercise/GoExercies/RTE/to-do/handler/account.go:33","time":"2024-02-15T11:51:53+05:30","message":"user name already exist"}
{"level":"error","caller":"/home/mitrah196/Desktop/Exercise/GoExercies/RTE/to-do/handler/account.go:39","time":"2024-02-15T11:53:20+05:30","message":"Key: 'Users.Password' Error:Field validation for 'Password' failed on the 'required' tag"}
{"level":"error","caller":"/home/mitrah196/Desktop/Exercise/GoExercies/RTE/to-do/handler/account.go:33","time":"2024-02-15T11:56:00+05:30","message":"email id already exist"}
{"level":"error","caller":"/home/mitrah196/Desktop/Exercise/GoExercies/RTE/to-do/handler/account.go:59","time":"2024-02-15T15:19:31+05:30","message":"code=400, message=Request body can't be empty"}
{"level":"error","caller":"/home/mitrah196/Desktop/Exercise/GoExercies/RTE/to-do/handler/account.go:59","time":"2024-02-15T15:19:40+05:30","message":"code=400, message=Request body can't be empty"}
{"level":"error","caller":"/home/mitrah196/Desktop/Exercise/GoExercies/RTE/to-do/handler/account.go:59","time":"2024-02-15T15:19:41+05:30","message":"code=400, message=Request body can't be empty"}
{"level":"error","caller":"/home/mitrah196/Desktop/Exercise/GoExercies/RTE/to-do/handler/account.go:65","time":"2024-02-15T15:19:43+05:30","message":"Key: 'Login.Name' Error:Field validation for 'Name' failed on the 'required_without' tag\nKey: 'Login.Email' Error:Field validation for 'Email' failed on the 'required_without' tag\nKey: 'Login.Password' Error:Field validation for 'Password' failed on the 'required' tag"}
{"level":"error","caller":"/home/mitrah196/Desktop/Exercise/GoExercies/RTE/to-do/handler/account.go:65","time":"2024-02-15T15:19:52+05:30","message":"Key: 'Login.Name' Error:Field validation for 'Name' failed on the 'required_without' tag\nKey: 'Login.Email' Error:Field validation for 'Email' failed on the 'required_without' tag\nKey: 'Login.Password' Error:Field validation for 'Password' failed on the 'required' tag"}
{"level":"error","caller":"/home/mitrah196/Desktop/Exercise/GoExercies/RTE/to-do/handler/account.go:65","time":"2024-02-15T15:19:53+05:30","message":"Key: 'Login.Name' Error:Field validation for 'Name' failed on the 'required_without' tag\nKey: 'Login.Email' Error:Field validation for 'Email' failed on the 'required_without' tag\nKey: 'Login.Password' Error:Field validation for 'Password' failed on the 'required' tag"}
{"level":"error","caller":"/home/mitrah196/Desktop/Exercise/GoExercies/RTE/to-do/handler/account.go:65","time":"2024-02-15T15:20:03+05:30","message":"Key: 'Login.Password' Error:Field validation for 'Password' failed on the 'required' tag"}
{"level":"error","caller":"/home/mitrah196/Desktop/Exercise/GoExercies/RTE/to-do/handler/account.go:71","time":"2024-02-15T17:24:57+05:30","message":"record not found"}
{"level":"error","caller":"/home/mitrah196/Desktop/Exercise/GoExercies/RTE/to-do/handler/account.go:110","time":"2024-02-15T17:48:36+05:30","message":"code=400, message=Request body can't be empty"}
{"level":"error","caller":"/home/mitrah196/Desktop/Exercise/GoExercies/RTE/to-do/handler/account.go:115","time":"2024-02-15T17:50:11+05:30","message":"user name already exist"}
{"level":"error","caller":"/home/mitrah196/Desktop/Exercise/GoExercies/RTE/to-do/handler/account.go:115","time":"2024-02-15T17:50:24+05:30","message":"email id already exist"}
{"level":"error","caller":"/home/mitrah196/Desktop/Exercise/GoExercies/RTE/to-do/handler/account.go:115","time":"2024-02-15T17:51:28+05:30","message":"user name already exist"}
{"level":"error","caller":"/home/mitrah196/Desktop/Exercise/GoExercies/RTE/to-do/handler/account.go:110","time":"2024-02-15T17:51:31+05:30","message":"code=400, message=Syntax error: offset=61, error=invalid character '}' looking for beginning of object key string"}
{"level":"error","caller":"/home/mitrah196/Desktop/Exercise/GoExercies/RTE/to-do/handler/account.go:126","time":"2024-02-15T17:54:58+05:30","message":"record not found"}
{"level":"error","caller":"/home/mitrah196/Desktop/Exercise/GoExercies/RTE/to-do/handler/account.go:99","time":"2024-02-15T17:55:35+05:30","message":"record not found"}
{"level":"error","caller":"/home/mitrah196/Desktop/Exercise/GoExercies/RTE/to-do/handler/account.go:99","time":"2024-02-15T17:56:58+05:30","message":"record not found"}
{"level":"error","caller":"/home/mitrah196/Desktop/Exercise/GoExercies/RTE/to-do/handler/account.go:71","time":"2024-02-15T17:57:46+05:30","message":"record not found"}
{"level":"error","caller":"/home/mitrah196/Desktop/Exercise/GoExercies/RTE/to-do/handler/account.go:99","time":"2024-02-15T17:58:04+05:30","message":"record not found"}
{"level":"error","caller":"/home/mitrah196/Desktop/Exercise/GoExercies/RTE/to-do/handler/account.go:99","time":"2024-02-15T18:00:19+05:30","message":"record not found"}
{"level":"error","caller":"/home/mitrah196/Desktop/Exercise/GoExercies/RTE/to-do/handler/account.go:99","time":"2024-02-15T18:00:20+05:30","message":"record not found"}
{"level":"error","caller":"/home/mitrah196/Desktop/Exercise/GoExercies/RTE/to-do/handler/account.go:99","time":"2024-02-15T18:01:49+05:30","message":"record not found"}
{"level":"error","caller":"/home/mitrah196/Desktop/Exercise/GoExercies/RTE/to-do/handler/account.go:38","time":"2024-02-15T18:40:46+05:30","message":"email id already exist"}
{"level":"error","caller":"/home/mitrah196/Desktop/Exercise/GoExercies/RTE/to-do/handler/account.go:169","time":"2024-02-15T18:41:02+05:30","message":"ERROR: syntax error at or near \"df4\" (SQLSTATE 42601)"}
{"level":"error","caller":"/home/mitrah196/Desktop/Exercise/GoExercies/RTE/to-do/handler/account.go:169","time":"2024-02-15T18:41:08+05:30","message":"ERROR: syntax error at or near \"df4\" (SQLSTATE 42601)"}
{"level":"error","caller":"/home/mitrah196/Desktop/Exercise/GoExercies/RTE/to-do/handler/account.go:74","time":"2024-02-15T18:42:03+05:30","message":"record not found"}
{"level":"error","caller":"/home/mitrah196/Desktop/Exercise/GoExercies/RTE/to-do/handler/account.go:74","time":"2024-02-15T18:43:12+05:30","message":"record not found"}
{"level":"error","caller":"/home/mitrah196/Desktop/Exercise/GoExercies/RTE/to-do/handler/account.go:74","time":"2024-02-15T19:19:36+05:30","message":"record not found"}
{"level":"error","caller":"/home/mitrah196/Desktop/Exercise/GoExercies/RTE/to-do/handler/account.go:49","time":"2024-02-15T19:19:40+05:30","message":"ERROR: duplicate key value violates unique constraint \"uni_users_name\" (SQLSTATE 23505)"}
{"level":"error","caller":"/home/mitrah196/Desktop/Exercise/GoExercies/RTE/to-do/handler/task.go:23","time":"2024-02-15T19:21:24+05:30","message":"code=400, message=Request body can't be empty"}
{"level":"error","caller":"/home/mitrah196/Desktop/Exercise/GoExercies/RTE/to-do/handler/task.go:32","time":"2024-02-15T19:21:32+05:30","message":"Key: 'Tasks.Users.UserID' Error:Field validation for 'UserID' failed on the 'required' tag\nKey: 'Tasks.Users.UserName' Error:Field validation for 'UserName' failed on the 'required' tag\nKey: 'Tasks.Users.Email' Error:Field validation for 'Email' failed on the 'email' tag\nKey: 'Tasks.Users.Password' Error:Field validation for 'Password' failed on the 'required' tag\nKey: 'Tasks.Task' Error:Field validation for 'Task' failed on the 'required' tag"}
{"level":"error","caller":"/home/mitrah196/Desktop/Exercise/GoExercies/RTE/to-do/handler/task.go:32","time":"2024-02-15T19:22:18+05:30","message":"Key: 'Tasks.Users.UserID' Error:Field validation for 'UserID' failed on the 'required' tag\nKey: 'Tasks.Users.UserName' Error:Field validation for 'UserName' failed on the 'required' tag\nKey: 'Tasks.Users.Email' Error:Field validation for 'Email' failed on the 'email' tag\nKey: 'Tasks.Users.Password' Error:Field validation for 'Password' failed on the 'required' tag\nKey: 'Tasks.Task' Error:Field validation for 'Task' failed on the 'required' tag"}
{"level":"error","caller":"/home/mitrah196/Desktop/Exercise/GoExercies/RTE/to-do/handler/task.go:32","time":"2024-02-15T19:22:19+05:30","message":"Key: 'Tasks.Users.UserID' Error:Field validation for 'UserID' failed on the 'required' tag\nKey: 'Tasks.Users.UserName' Error:Field validation for 'UserName' failed on the 'required' tag\nKey: 'Tasks.Users.Email' Error:Field validation for 'Email' failed on the 'email' tag\nKey: 'Tasks.Users.Password' Error:Field validation for 'Password' failed on the 'required' tag\nKey: 'Tasks.Task' Error:Field validation for 'Task' failed on the 'required' tag"}
{"level":"error","caller":"/home/mitrah196/Desktop/Exercise/GoExercies/RTE/to-do/handler/task.go:32","time":"2024-02-15T19:22:34+05:30","message":"Key: 'Tasks.Users.UserID' Error:Field validation for 'UserID' failed on the 'required' tag\nKey: 'Tasks.Users.UserName' Error:Field validation for 'UserName' failed on the 'required' tag\nKey: 'Tasks.Users.Email' Error:Field validation for 'Email' failed on the 'email' tag\nKey: 'Tasks.Users.Password' Error:Field validation for 'Password' failed on the 'required' tag\nKey: 'Tasks.Task' Error:Field validation for 'Task' failed on the 'required' tag"}
{"level":"error","caller":"/home/mitrah196/Desktop/Exercise/GoExercies/RTE/to-do/handler/task.go:32","time":"2024-02-15T19:22:34+05:30","message":"Key: 'Tasks.Users.UserID' Error:Field validation for 'UserID' failed on the 'required' tag\nKey: 'Tasks.Users.UserName' Error:Field validation for 'UserName' failed on the 'required' tag\nKey: 'Tasks.Users.Email' Error:Field validation for 'Email' failed on the 'email' tag\nKey: 'Tasks.Users.Password' Error:Field validation for 'Password' failed on the 'required' tag\nKey: 'Tasks.Task' Error:Field validation for 'Task' failed on the 'required' tag"}
{"level":"error","caller":"/home/mitrah196/Desktop/Exercise/GoExercies/RTE/to-do/handler/task.go:32","time":"2024-02-15T19:22:59+05:30","message":"Key: 'Tasks.Users.UserID' Error:Field validation for 'UserID' failed on the 'required' tag\nKey: 'Tasks.Users.UserName' Error:Field validation for 'UserName' failed on the 'required' tag\nKey: 'Tasks.Users.Email' Error:Field validation for 'Email' failed on the 'email' tag\nKey: 'Tasks.Users.Password' Error:Field validation for 'Password' failed on the 'required' tag\nKey: 'Tasks.Task' Error:Field validation for 'Task' failed on the 'required' tag"}
{"level":"error","caller":"/home/mitrah196/Desktop/Exercise/GoExercies/RTE/to-do/handler/task.go:32","time":"2024-02-15T19:23:22+05:30","message":"Key: 'Tasks.Users.UserID' Error:Field validation for 'UserID' failed on the 'required' tag\nKey: 'Tasks.Users.UserName' Error:Field validation for 'UserName' failed on the 'required' tag\nKey: 'Tasks.Users.Email' Error:Field validation for 'Email' failed on the 'email' tag\nKey: 'Tasks.Users.Password' Error:Field validation for 'Password' failed on the 'required' tag"}
{"level":"error","caller":"/home/mitrah196/Desktop/Exercise/GoExercies/RTE/to-do/handler/task.go:32","time":"2024-02-15T19:24:14+05:30","message":"Key: 'Tasks.Users.UserID' Error:Field validation for 'UserID' failed on the 'required' tag\nKey: 'Tasks.Users.UserName' Error:Field validation for 'UserName' failed on the 'required' tag\nKey: 'Tasks.Users.Email' Error:Field validation for 'Email' failed on the 'email' tag\nKey: 'Tasks.Users.Password' Error:Field validation for 'Password' failed on the 'required' tag"}
{"level":"error","caller":"/home/mitrah196/Desktop/Exercise/GoExercies/RTE/to-do/handler/task.go:32","time":"2024-02-15T19:25:38+05:30","message":"Key: 'Tasks.Users.UserID' Error:Field validation for 'UserID' failed on the 'required' tag\nKey: 'Tasks.Users.UserName' Error:Field validation for 'UserName' failed on the 'required' tag\nKey: 'Tasks.Users.Email' Error:Field validation for 'Email' failed on the 'email' tag\nKey: 'Tasks.Users.Password' Error:Field validation for 'Password' failed on the 'required' tag"}
{"level":"error","caller":"/home/mitrah196/Desktop/Exercise/GoExercies/RTE/to-do/handler/account.go:38","time":"2024-02-15T19:26:00+05:30","message":"user name already exist"}
{"level":"error","caller":"/home/mitrah196/Desktop/Exercise/GoExercies/RTE/to-do/handler/task.go:32","time":"2024-02-15T19:26:05+05:30","message":"Key: 'Tasks.Users.UserID' Error:Field validation for 'UserID' failed on the 'required' tag\nKey: 'Tasks.Users.UserName' Error:Field validation for 'UserName' failed on the 'required' tag\nKey: 'Tasks.Users.Email' Error:Field validation for 'Email' failed on the 'email' tag\nKey: 'Tasks.Users.Password' Error:Field validation for 'Password' failed on the 'required' tag"}
{"level":"error","caller":"/home/mitrah196/Desktop/Exercise/GoExercies/RTE/to-do/handler/task.go:32","time":"2024-02-15T19:26:49+05:30","message":"Key: 'Tasks.Users.UserID' Error:Field validation for 'UserID' failed on the 'required' tag\nKey: 'Tasks.Users.UserName' Error:Field validation for 'UserName' failed on the 'required' tag\nKey: 'Tasks.Users.Email' Error:Field validation for 'Email' failed on the 'email' tag\nKey: 'Tasks.Users.Password' Error:Field validation for 'Password' failed on the 'required' tag"}
{"level":"error","caller":"/home/mitrah196/Desktop/Exercise/GoExercies/RTE/to-do/handler/task.go:32","time":"2024-02-15T19:27:47+05:30","message":"Key: 'Tasks.Users.UserID' Error:Field validation for 'UserID' failed on the 'required' tag\nKey: 'Tasks.Users.UserName' Error:Field validation for 'UserName' failed on the 'required' tag\nKey: 'Tasks.Users.Email' Error:Field validation for 'Email' failed on the 'email' tag\nKey: 'Tasks.Users.Password' Error:Field validation for 'Password' failed on the 'required' tag"}
{"level":"error","caller":"/home/mitrah196/Desktop/Exercise/GoExercies/RTE/to-do/handler/task.go:32","time":"2024-02-15T19:43:32+05:30","message":"Key: 'Tasks.Users.UserID' Error:Field validation for 'UserID' failed on the 'required' tag\nKey: 'Tasks.Users.UserName' Error:Field validation for 'UserName' failed on the 'required' tag\nKey: 'Tasks.Users.Email' Error:Field validation for 'Email' failed on the 'email' tag\nKey: 'Tasks.Users.Password' Error:Field validation for 'Password' failed on the 'required' tag"}
{"level":"error","caller":"/home/mitrah196/Desktop/Exercise/GoExercies/RTE/to-do/handler/task.go:69","time":"2024-02-15T19:47:31+05:30","message":"code=400, message=Request body can't be empty"}
{"level":"error","caller":"/home/mitrah196/Desktop/Exercise/GoExercies/RTE/to-do/handler/task.go:49","time":"2024-02-15T20:19:47+05:30","message":"no such task exist invalid task id"}
